13:17:33 **** Build of configuration Debug for project arm ****
make all 
Building file: ../makefiles/raspdrone/autopilot.c
Invoking: Cross GCC Compiler
gcc -O0 -g3 -Wall -c -fmessage-length=0 -MMD -MP -MF"makefiles/raspdrone/autopilot.d" -MT"makefiles/raspdrone/autopilot.o" -o "makefiles/raspdrone/autopilot.o" "../makefiles/raspdrone/autopilot.c"
../makefiles/raspdrone/autopilot.c:1:10: fatal error: autopilot.h: No such file or directory
    1 | #include <autopilot.h>
      |          ^~~~~~~~~~~~~
compilation terminated.
make: *** [makefiles/raspdrone/subdir.mk:52: makefiles/raspdrone/autopilot.o] Error 1
"make all" terminated with exit code 2. Build might be incomplete.

13:17:33 Build Failed. 2 errors, 0 warnings. (took 689ms)

